                              1 ;--------------------------------------------------------
                              2 ; File Created by SDCC : FreeWare ANSI-C Compiler
                              3 ; Version 2.3.1 Sun May  5 07:15:42 2019
                              4 
                              5 ;--------------------------------------------------------
                              6 	.module lcc335610
                              7 	
                              8 ;--------------------------------------------------------
                              9 ; Public variables in this module
                             10 ;--------------------------------------------------------
                             11 	.globl _main
                             12 	.globl _windowmap
                             13 	.globl _backgroundtiles
                             14 	.globl _backgroundmap
                             15 ;--------------------------------------------------------
                             16 ; special function registers
                             17 ;--------------------------------------------------------
                             18 ;--------------------------------------------------------
                             19 ; special function bits 
                             20 ;--------------------------------------------------------
                             21 ;--------------------------------------------------------
                             22 ; internal ram data
                             23 ;--------------------------------------------------------
                             24 	.area _DATA
   0000                      25 _backgroundmap::
   0000                      26 	.ds 720
   02D0                      27 _backgroundtiles::
   02D0                      28 	.ds 96
   0330                      29 _windowmap::
   0330                      30 	.ds 5
                             31 ;--------------------------------------------------------
                             32 ; overlayable items in internal ram 
                             33 ;--------------------------------------------------------
                             34 	.area _OVERLAY
                             35 ;--------------------------------------------------------
                             36 ; indirectly addressable internal ram data
                             37 ;--------------------------------------------------------
                             38 	.area _ISEG
                             39 ;--------------------------------------------------------
                             40 ; bit data
                             41 ;--------------------------------------------------------
                             42 	.area _BSEG
                             43 ;--------------------------------------------------------
                             44 ; external ram data
                             45 ;--------------------------------------------------------
                             46 	.area _XSEG
                             47 ;--------------------------------------------------------
                             48 ; global & static initialisations
                             49 ;--------------------------------------------------------
                             50 	.area _GSINIT
                             51 	.area _GSFINAL
                             52 	.area _GSINIT
                             53 ;	main.c 25
                             54 ;	main.c 35
                             55 ;	genArrayInit
                             56 ; _saveRegsForCall: sendSetSize: 0 deInUse: 0 bcInUse: 0 deSending: 0
   0000 21 00 00             57 	ld	hl,#_backgroundmap
   0003 CD 00 00             58 	call	__initrleblock
   0006 81 00                59 	.db	-127,0x00
   0008 81 00                60 	.db	-127,0x00
   000A 81 00                61 	.db	-127,0x00
   000C E6 00                62 	.db	-26,0x00
   000E 08                   63 	.db	8
   000F 28 28 28 27 00 00    64 	.db	0x28, 0x28, 0x28, 0x27, 0x00, 0x00, 0x28, 0x27
        28 27
   0017 E0 00                65 	.db	-32,0x00
   0019 08                   66 	.db	8
   001A 28 28 28 27 00 00    67 	.db	0x28, 0x28, 0x28, 0x27, 0x00, 0x00, 0x28, 0x27
        28 27
   0022 E7 00                68 	.db	-25,0x00
   0024 03                   69 	.db	3
   0025 2A 2A 2A             70 	.db	0x2A, 0x2A, 0x2A
   0028 F9 28                71 	.db	-7,0x28
   002A 05                   72 	.db	5
   002B 27 2A 2A 28 27       73 	.db	0x27, 0x2A, 0x2A, 0x28, 0x27
   0030 E7 2A                74 	.db	-25,0x2A
   0032 81 29                75 	.db	-127,0x29
   0034 B7 29                76 	.db	-73,0x29
   0036 00                   77 	.db	0
                             78 ;	main.c 26
                             79 ;	main.c 35
                             80 ;	genArrayInit
                             81 ; _saveRegsForCall: sendSetSize: 0 deInUse: 0 bcInUse: 0 deSending: 0
   0037 21 D0 02             82 	ld	hl,#_backgroundtiles
   003A CD 00 00             83 	call	__initrleblock
   003D F0 00                84 	.db	-16,0x00
   003F 02                   85 	.db	2
   0040 FF FF                86 	.db	0xFF, 0xFF
   0042 FA 01                87 	.db	-6,0x01
   0044 02                   88 	.db	2
   0045 FF FF                89 	.db	0xFF, 0xFF
   0047 FA 10                90 	.db	-6,0x10
   0049 02                   91 	.db	2
   004A FF FF                92 	.db	0xFF, 0xFF
   004C FA 01                93 	.db	-6,0x01
   004E 02                   94 	.db	2
   004F FF FF                95 	.db	0xFF, 0xFF
   0051 FA 11                96 	.db	-6,0x11
   0053 02                   97 	.db	2
   0054 FF FF                98 	.db	0xFF, 0xFF
   0056 FA 80                99 	.db	-6,0x80
   0058 02                  100 	.db	2
   0059 FF FF               101 	.db	0xFF, 0xFF
   005B FA 90               102 	.db	-6,0x90
   005D 0F                  103 	.db	15
   005E AA 00 55 00 AA 00   104 	.db	0xAA, 0x00, 0x55, 0x00, 0xAA, 0x00, 0x55, 0x00
        55 00
   0066 AA 00 55 00 AA 00   105 	.db	0xAA, 0x00, 0x55, 0x00, 0xAA, 0x00, 0x55
        55
   006D F5 00               106 	.db	-11,0x00
   006F 06                  107 	.db	6
   0070 09 00 49 12 76 DF   108 	.db	0x09, 0x00, 0x49, 0x12, 0x76, 0xDF
   0076 00                  109 	.db	0
                            110 ;	main.c 25
                            111 ;	main.c 35
                            112 ;	genArrayInit
                            113 ; _saveRegsForCall: sendSetSize: 0 deInUse: 0 bcInUse: 0 deSending: 0
   0077 21 30 03            114 	ld	hl,#_windowmap
   007A CD 00 00            115 	call	__initrleblock
   007D 05                  116 	.db	5
   007E 13 10 17 17 1A      117 	.db	0x13, 0x10, 0x17, 0x17, 0x1A
   0083 00                  118 	.db	0
                            119 ;--------------------------------------------------------
                            120 ; Home
                            121 ;--------------------------------------------------------
                            122 	.area _HOME
                            123 	.area _CODE
                            124 ;--------------------------------------------------------
                            125 ; code
                            126 ;--------------------------------------------------------
                            127 	.area _CODE
                            128 ;	main.c 8
                            129 ;	genLabel
                            130 ;	genFunction
                            131 ;	---------------------------------
                            132 ; Function main
                            133 ; ---------------------------------
   0000                     134 ___main_start:
   0000                     135 _main:
   0000 E8 FD               136 	lda	sp,-3(sp)
                            137 ;	main.c 12
                            138 ;	genCall
                            139 ; _saveRegsForCall: sendSetSize: 0 deInUse: 0 bcInUse: 0 deSending: 0
   0002 CD 00 00            140 	call	_font_init
                            141 ;	main.c 13
                            142 ;	genIpush
                            143 ; _saveRegsForCall: sendSetSize: 0 deInUse: 0 bcInUse: 0 deSending: 0
   0005 21 00 00            144 	ld	hl,#_font_min
   0008 E5                  145 	push	hl
                            146 ;	genCall
   0009 CD 00 00            147 	call	_font_load
   000C 42                  148 	ld	b,d
   000D 4B                  149 	ld	c,e
   000E E8 02               150 	lda	sp,2(sp)
                            151 ;	genAssign
                            152 ;	(registers are the same)
                            153 ;	main.c 14
                            154 ;	genIpush
                            155 ; _saveRegsForCall: sendSetSize: 0 deInUse: 0 bcInUse: 0 deSending: 0
   0010 C5                  156 	push	bc
                            157 ;	genCall
   0011 CD 00 00            158 	call	_font_set
   0014 E8 02               159 	lda	sp,2(sp)
                            160 ;	main.c 18
                            161 ;	genIpush
                            162 ; _saveRegsForCall: sendSetSize: 0 deInUse: 0 bcInUse: 0 deSending: 0
   0016 21 D0 02            163 	ld	hl,#_backgroundtiles
   0019 E5                  164 	push	hl
                            165 ;	genIpush
   001A 21 25 06            166 	ld	hl,#0x0625
   001D E5                  167 	push	hl
                            168 ;	genCall
   001E CD 00 00            169 	call	_set_bkg_data
   0021 E8 04               170 	lda	sp,4(sp)
                            171 ;	main.c 19
                            172 ;	genIpush
                            173 ; _saveRegsForCall: sendSetSize: 0 deInUse: 0 bcInUse: 0 deSending: 0
   0023 21 00 00            174 	ld	hl,#_backgroundmap
   0026 E5                  175 	push	hl
                            176 ;	genIpush
   0027 21 28 12            177 	ld	hl,#0x1228
   002A E5                  178 	push	hl
                            179 ;	genIpush
   002B 21 00 00            180 	ld	hl,#0x0000
   002E E5                  181 	push	hl
                            182 ;	genCall
   002F CD 00 00            183 	call	_set_bkg_tiles
   0032 E8 06               184 	lda	sp,6(sp)
                            185 ;	main.c 22
                            186 ;	genIpush
                            187 ; _saveRegsForCall: sendSetSize: 0 deInUse: 0 bcInUse: 0 deSending: 0
   0034 21 30 03            188 	ld	hl,#_windowmap
   0037 E5                  189 	push	hl
                            190 ;	genIpush
   0038 21 05 01            191 	ld	hl,#0x0105
   003B E5                  192 	push	hl
                            193 ;	genIpush
   003C 21 00 00            194 	ld	hl,#0x0000
   003F E5                  195 	push	hl
                            196 ;	genCall
   0040 CD 00 00            197 	call	_set_win_tiles
   0043 E8 06               198 	lda	sp,6(sp)
                            199 ;	main.c 23
                            200 ;	genIpush
                            201 ; _saveRegsForCall: sendSetSize: 0 deInUse: 0 bcInUse: 0 deSending: 0
   0045 21 07 7D            202 	ld	hl,#0x7D07
   0048 E5                  203 	push	hl
                            204 ;	genCall
   0049 CD 00 00            205 	call	_move_win
   004C E8 02               206 	lda	sp,2(sp)
                            207 ;	main.c 25
                            208 ;	genAssign
   004E 01 40 FF            209 	ld	bc,#0xFF40
                            210 ;	genAssign
                            211 ;	AOP_STK for _main_sloc0_1_0
   0051 F8 01               212 	lda	hl,1(sp)
   0053 36 40               213 	ld	(hl),#0x40
   0055 23                  214 	inc	hl
   0056 36 FF               215 	ld	(hl),#0xFF
                            216 ;	genPointerGet
                            217 ;	AOP_STK for _main_sloc0_1_0
                            218 ;	AOP_STK for _main_sloc1_1_0
   0058 2B                  219 	dec	hl
   0059 5E                  220 	ld	e,(hl)
   005A 23                  221 	inc	hl
   005B 56                  222 	ld	d,(hl)
   005C 1A                  223 	ld	a,(de)
   005D 2B                  224 	dec	hl
   005E 2B                  225 	dec	hl
                            226 ;	genOr
                            227 ;	AOP_STK for _main_sloc1_1_0
   005F 77                  228 	ld      (hl),a
   0060 7F                  229 	ld      a,a
   0061 F6 01               230 	or	a,#0x01
                            231 ;	genAssign (pointer)
   0063 02                  232 	ld	(bc),a
                            233 ;	main.c 26
                            234 ;	genAssign
   0064 01 40 FF            235 	ld	bc,#0xFF40
                            236 ;	genAssign
                            237 ;	AOP_STK for _main_sloc0_1_0
   0067 23                  238 	inc	hl
   0068 36 40               239 	ld	(hl),#0x40
   006A 23                  240 	inc	hl
   006B 36 FF               241 	ld	(hl),#0xFF
                            242 ;	genPointerGet
                            243 ;	AOP_STK for _main_sloc0_1_0
                            244 ;	AOP_STK for _main_sloc1_1_0
   006D 2B                  245 	dec	hl
   006E 5E                  246 	ld	e,(hl)
   006F 23                  247 	inc	hl
   0070 56                  248 	ld	d,(hl)
   0071 1A                  249 	ld	a,(de)
   0072 2B                  250 	dec	hl
   0073 2B                  251 	dec	hl
                            252 ;	genOr
                            253 ;	AOP_STK for _main_sloc1_1_0
   0074 77                  254 	ld      (hl),a
   0075 7F                  255 	ld      a,a
   0076 F6 20               256 	or	a,#0x20
                            257 ;	genAssign (pointer)
   0078 02                  258 	ld	(bc),a
                            259 ;	main.c 27
                            260 ;	genAssign
   0079 01 40 FF            261 	ld	bc,#0xFF40
                            262 ;	genAssign
                            263 ;	AOP_STK for _main_sloc0_1_0
   007C 23                  264 	inc	hl
   007D 36 40               265 	ld	(hl),#0x40
   007F 23                  266 	inc	hl
   0080 36 FF               267 	ld	(hl),#0xFF
                            268 ;	genPointerGet
                            269 ;	AOP_STK for _main_sloc0_1_0
                            270 ;	AOP_STK for _main_sloc1_1_0
   0082 2B                  271 	dec	hl
   0083 5E                  272 	ld	e,(hl)
   0084 23                  273 	inc	hl
   0085 56                  274 	ld	d,(hl)
   0086 1A                  275 	ld	a,(de)
   0087 2B                  276 	dec	hl
   0088 2B                  277 	dec	hl
                            278 ;	genOr
                            279 ;	AOP_STK for _main_sloc1_1_0
   0089 77                  280 	ld      (hl),a
   008A 7F                  281 	ld      a,a
   008B F6 80               282 	or	a,#0x80
                            283 ;	genAssign (pointer)
   008D 02                  284 	ld	(bc),a
                            285 ;	main.c 29
                            286 ;	genLabel
   008E                     287 00102$:
                            288 ;	main.c 30
                            289 ;	genIpush
                            290 ; _saveRegsForCall: sendSetSize: 0 deInUse: 0 bcInUse: 0 deSending: 0
   008E 21 01 00            291 	ld	hl,#0x0001
   0091 E5                  292 	push	hl
                            293 ;	genCall
   0092 CD 00 00            294 	call	_scroll_bkg
   0095 E8 02               295 	lda	sp,2(sp)
                            296 ;	main.c 31
                            297 ;	genIpush
                            298 ; _saveRegsForCall: sendSetSize: 0 deInUse: 0 bcInUse: 0 deSending: 0
   0097 21 64 00            299 	ld	hl,#0x0064
   009A E5                  300 	push	hl
                            301 ;	genCall
   009B CD 00 00            302 	call	_delay
   009E E8 02               303 	lda	sp,2(sp)
                            304 ;	genGoto
   00A0 C3 8E 00            305 	jp	00102$
                            306 ;	genLabel
   00A3                     307 00104$:
                            308 ;	genEndFunction
   00A3 E8 03               309 	lda	sp,3(sp)
   00A5 C9                  310 	ret
   00A6                     311 ___main_end:
                            312 	.area _CODE
ASxxxx Assembler V01.75  (GameBoy Z80-like CPU), page 1.

Symbol Table

  0 ___main_end                        00A6 R
  0 ___main_start                      0000 R
    __initrleblock                     **** GX
  1 _backgroundmap                     0000 GR
  1 _backgroundtiles                   02D0 GR
    _delay                             **** GX
    _font_init                         **** GX
    _font_load                         **** GX
    _font_min                          **** GX
    _font_set                          **** GX
  0 _main                              0000 GR
    _move_win                          **** GX
    _scroll_bkg                        **** GX
    _set_bkg_data                      **** GX
    _set_bkg_tiles                     **** GX
    _set_win_tiles                     **** GX
  1 _windowmap                         0330 GR

ASxxxx Assembler V01.75  (GameBoy Z80-like CPU), page 2.

Area Table

   0 _CODE                              size   A6   flags 0
   1 _DATA                              size  335   flags 0
   2 _OVERLAY                           size    0   flags 0
   3 _ISEG                              size    0   flags 0
   4 _BSEG                              size    0   flags 0
   5 _XSEG                              size    0   flags 0
   6 _GSINIT                            size   84   flags 0
   7 _GSFINAL                           size    0   flags 0
   8 _HOME                              size    0   flags 0
