                              1 ;--------------------------------------------------------
                              2 ; File Created by SDCC : FreeWare ANSI-C Compiler
                              3 ; Version 2.3.1 Sat Jun 15 08:31:37 2019
                              4 
                              5 ;--------------------------------------------------------
                              6 	.module lcc338240
                              7 	
                              8 ;--------------------------------------------------------
                              9 ; Public variables in this module
                             10 ;--------------------------------------------------------
                             11 	.globl _main
                             12 	.globl _pause
                             13 	.globl _backgroundpalette
                             14 	.globl _spritepalette
                             15 ;--------------------------------------------------------
                             16 ; special function registers
                             17 ;--------------------------------------------------------
                             18 ;--------------------------------------------------------
                             19 ; special function bits 
                             20 ;--------------------------------------------------------
                             21 ;--------------------------------------------------------
                             22 ; internal ram data
                             23 ;--------------------------------------------------------
                             24 	.area _DATA
                             25 ;--------------------------------------------------------
                             26 ; overlayable items in internal ram 
                             27 ;--------------------------------------------------------
                             28 	.area _OVERLAY
                             29 ;--------------------------------------------------------
                             30 ; indirectly addressable internal ram data
                             31 ;--------------------------------------------------------
                             32 	.area _ISEG
                             33 ;--------------------------------------------------------
                             34 ; bit data
                             35 ;--------------------------------------------------------
                             36 	.area _BSEG
                             37 ;--------------------------------------------------------
                             38 ; external ram data
                             39 ;--------------------------------------------------------
                             40 	.area _XSEG
                             41 ;--------------------------------------------------------
                             42 ; global & static initialisations
                             43 ;--------------------------------------------------------
                             44 	.area _GSINIT
                             45 	.area _GSFINAL
                             46 	.area _GSINIT
                             47 ;--------------------------------------------------------
                             48 ; Home
                             49 ;--------------------------------------------------------
                             50 	.area _HOME
                             51 	.area _CODE
                             52 ;--------------------------------------------------------
                             53 ; code
                             54 ;--------------------------------------------------------
                             55 	.area _CODE
                             56 ;	main.c 24
                             57 ;	genLabel
                             58 ;	genFunction
                             59 ;	---------------------------------
                             60 ; Function pause
                             61 ; ---------------------------------
   0000                      62 ___pause_start:
   0000                      63 _pause:
                             64 	
                             65 ;	main.c 26
                             66 ;	genAssign
   0000 0E 00                67 	ld	c,#0x00
                             68 ;	genLabel
   0002                      69 00101$:
                             70 ;	genCmpLt
                             71 ;	AOP_STK for 
   0002 79                   72 	ld	a,c
   0003 F8 02                73 	lda	hl,2(sp)
   0005 96                   74 	sub	a,(hl)
   0006 D2 13 00             75 	jp	nc,00105$
                             76 ;	main.c 27
                             77 ;	genCall
                             78 ; _saveRegsForCall: sendSetSize: 0 deInUse: 0 bcInUse: 1 deSending: 0
   0009 C5                   79 	push	bc
   000A CD 00 00             80 	call	_wait_vbl_done
   000D E1                   81 	pop	hl
   000E 4D                   82 	ld	c,l
                             83 ;	main.c 26
                             84 ;	genPlus
                             85 ;	genPlusIncr
                             86 ; Removed redundent load
   000F 0C                   87 	inc	c
                             88 ;	genGoto
   0010 C3 02 00             89 	jp	00101$
                             90 ;	genLabel
   0013                      91 00105$:
                             92 ;	genEndFunction
                             93 	
   0013 C9                   94 	ret
   0014                      95 ___pause_end:
   0014                      96 _spritepalette:
   0014 FF 7F                97 	.dw #0x7FFF
   0016 EC 7E                98 	.dw #0x7EEC
   0018 A0 65                99 	.dw #0x65A0
   001A 1E 16               100 	.dw #0x161E
   001C 97 7B               101 	.dw #0x7B97
   001E FF 7F               102 	.dw #0x7FFF
   0020 3E 14               103 	.dw #0x143E
   0022 00 00               104 	.dw #0x0000
   0024                     105 _backgroundpalette:
   0024 B5 56               106 	.dw #0x56B5
   0026 4A 29               107 	.dw #0x294A
   0028 4A 29               108 	.dw #0x294A
   002A 4A 29               109 	.dw #0x294A
                            110 ;	main.c 32
                            111 ;	genLabel
                            112 ;	genFunction
                            113 ;	---------------------------------
                            114 ; Function main
                            115 ; ---------------------------------
   002C                     116 ___main_start:
   002C                     117 _main:
   002C E8 FD               118 	lda	sp,-3(sp)
                            119 ;	main.c 34
                            120 ;	genAssign
   002E 01 40 FF            121 	ld	bc,#0xFF40
                            122 ;	genAssign
                            123 ;	AOP_STK for _main_sloc0_1_0
   0031 F8 01               124 	lda	hl,1(sp)
   0033 36 40               125 	ld	(hl),#0x40
   0035 23                  126 	inc	hl
   0036 36 FF               127 	ld	(hl),#0xFF
                            128 ;	genPointerGet
                            129 ;	AOP_STK for _main_sloc0_1_0
                            130 ;	AOP_STK for _main_sloc1_1_0
   0038 2B                  131 	dec	hl
   0039 5E                  132 	ld	e,(hl)
   003A 23                  133 	inc	hl
   003B 56                  134 	ld	d,(hl)
   003C 1A                  135 	ld	a,(de)
   003D 2B                  136 	dec	hl
   003E 2B                  137 	dec	hl
                            138 ;	genOr
                            139 ;	AOP_STK for _main_sloc1_1_0
   003F 77                  140 	ld      (hl),a
   0040 7F                  141 	ld      a,a
   0041 F6 04               142 	or	a,#0x04
                            143 ;	genAssign (pointer)
   0043 02                  144 	ld	(bc),a
                            145 ;	main.c 36
                            146 ;	genIpush
                            147 ; _saveRegsForCall: sendSetSize: 0 deInUse: 0 bcInUse: 0 deSending: 0
   0044 21 24 00            148 	ld	hl,#_backgroundpalette
   0047 E5                  149 	push	hl
                            150 ;	genIpush
   0048 21 00 01            151 	ld	hl,#0x0100
   004B E5                  152 	push	hl
                            153 ;	genCall
   004C CD 00 00            154 	call	_set_bkg_palette
   004F E8 04               155 	lda	sp,4(sp)
                            156 ;	main.c 38
                            157 ;	genIpush
                            158 ; _saveRegsForCall: sendSetSize: 0 deInUse: 0 bcInUse: 0 deSending: 0
   0051 21 00 00            159 	ld	hl,#_LooneyTunes
   0054 E5                  160 	push	hl
                            161 ;	genIpush
   0055 21 00 04            162 	ld	hl,#0x0400
   0058 E5                  163 	push	hl
                            164 ;	genCall
   0059 CD 00 00            165 	call	_set_sprite_data
   005C E8 04               166 	lda	sp,4(sp)
                            167 ;	main.c 40
                            168 ;	genIpush
                            169 ; _saveRegsForCall: sendSetSize: 0 deInUse: 0 bcInUse: 0 deSending: 0
   005E 21 14 00            170 	ld	hl,#_spritepalette
   0061 E5                  171 	push	hl
                            172 ;	genIpush
   0062 21 00 02            173 	ld	hl,#0x0200
   0065 E5                  174 	push	hl
                            175 ;	genCall
   0066 CD 00 00            176 	call	_set_sprite_palette
   0069 E8 04               177 	lda	sp,4(sp)
                            178 ;	main.c 42
                            179 ;	genIpush
                            180 ; _saveRegsForCall: sendSetSize: 0 deInUse: 0 bcInUse: 0 deSending: 0
   006B 21 00 00            181 	ld	hl,#0x0000
   006E E5                  182 	push	hl
                            183 ;	genCall
   006F CD 00 00            184 	call	_set_sprite_prop
   0072 E8 02               185 	lda	sp,2(sp)
                            186 ;	main.c 43
                            187 ;	genIpush
                            188 ; _saveRegsForCall: sendSetSize: 0 deInUse: 0 bcInUse: 0 deSending: 0
   0074 21 01 01            189 	ld	hl,#0x0101
   0077 E5                  190 	push	hl
                            191 ;	genCall
   0078 CD 00 00            192 	call	_set_sprite_prop
   007B E8 02               193 	lda	sp,2(sp)
                            194 ;	main.c 45
                            195 ;	genIpush
                            196 ; _saveRegsForCall: sendSetSize: 0 deInUse: 0 bcInUse: 0 deSending: 0
   007D 21 00 00            197 	ld	hl,#0x0000
   0080 E5                  198 	push	hl
                            199 ;	genCall
   0081 CD 00 00            200 	call	_set_sprite_tile
   0084 E8 02               201 	lda	sp,2(sp)
                            202 ;	main.c 46
                            203 ;	genIpush
                            204 ; _saveRegsForCall: sendSetSize: 0 deInUse: 0 bcInUse: 0 deSending: 0
   0086 21 14 4E            205 	ld	hl,#0x4E14
   0089 E5                  206 	push	hl
                            207 ;	genIpush
   008A 3E 00               208 	ld	a,#0x00
   008C F5                  209 	push	af
   008D 33                  210 	inc	sp
                            211 ;	genCall
   008E CD 00 00            212 	call	_move_sprite
   0091 E8 03               213 	lda	sp,3(sp)
                            214 ;	main.c 48
                            215 ;	genIpush
                            216 ; _saveRegsForCall: sendSetSize: 0 deInUse: 0 bcInUse: 0 deSending: 0
   0093 21 01 02            217 	ld	hl,#0x0201
   0096 E5                  218 	push	hl
                            219 ;	genCall
   0097 CD 00 00            220 	call	_set_sprite_tile
   009A E8 02               221 	lda	sp,2(sp)
                            222 ;	main.c 49
                            223 ;	genIpush
                            224 ; _saveRegsForCall: sendSetSize: 0 deInUse: 0 bcInUse: 0 deSending: 0
   009C 21 50 4E            225 	ld	hl,#0x4E50
   009F E5                  226 	push	hl
                            227 ;	genIpush
   00A0 3E 01               228 	ld	a,#0x01
   00A2 F5                  229 	push	af
   00A3 33                  230 	inc	sp
                            231 ;	genCall
   00A4 CD 00 00            232 	call	_move_sprite
   00A7 E8 03               233 	lda	sp,3(sp)
                            234 ;	main.c 51
                            235 ;	genAssign
   00A9 01 40 FF            236 	ld	bc,#0xFF40
                            237 ;	genAssign
                            238 ;	AOP_STK for _main_sloc0_1_0
   00AC F8 01               239 	lda	hl,1(sp)
   00AE 36 40               240 	ld	(hl),#0x40
   00B0 23                  241 	inc	hl
   00B1 36 FF               242 	ld	(hl),#0xFF
                            243 ;	genPointerGet
                            244 ;	AOP_STK for _main_sloc0_1_0
                            245 ;	AOP_STK for _main_sloc1_1_0
   00B3 2B                  246 	dec	hl
   00B4 5E                  247 	ld	e,(hl)
   00B5 23                  248 	inc	hl
   00B6 56                  249 	ld	d,(hl)
   00B7 1A                  250 	ld	a,(de)
   00B8 2B                  251 	dec	hl
   00B9 2B                  252 	dec	hl
                            253 ;	genOr
                            254 ;	AOP_STK for _main_sloc1_1_0
   00BA 77                  255 	ld      (hl),a
   00BB 7F                  256 	ld      a,a
   00BC F6 01               257 	or	a,#0x01
                            258 ;	genAssign (pointer)
   00BE 02                  259 	ld	(bc),a
                            260 ;	main.c 52
                            261 ;	genAssign
   00BF 01 40 FF            262 	ld	bc,#0xFF40
                            263 ;	genAssign
                            264 ;	AOP_STK for _main_sloc0_1_0
   00C2 23                  265 	inc	hl
   00C3 36 40               266 	ld	(hl),#0x40
   00C5 23                  267 	inc	hl
   00C6 36 FF               268 	ld	(hl),#0xFF
                            269 ;	genPointerGet
                            270 ;	AOP_STK for _main_sloc0_1_0
                            271 ;	AOP_STK for _main_sloc1_1_0
   00C8 2B                  272 	dec	hl
   00C9 5E                  273 	ld	e,(hl)
   00CA 23                  274 	inc	hl
   00CB 56                  275 	ld	d,(hl)
   00CC 1A                  276 	ld	a,(de)
   00CD 2B                  277 	dec	hl
   00CE 2B                  278 	dec	hl
                            279 ;	genOr
                            280 ;	AOP_STK for _main_sloc1_1_0
   00CF 77                  281 	ld      (hl),a
   00D0 7F                  282 	ld      a,a
   00D1 F6 02               283 	or	a,#0x02
                            284 ;	genAssign (pointer)
   00D3 02                  285 	ld	(bc),a
                            286 ;	genLabel
   00D4                     287 00101$:
                            288 ;	genEndFunction
   00D4 E8 03               289 	lda	sp,3(sp)
   00D6 C9                  290 	ret
   00D7                     291 ___main_end:
                            292 	.area _CODE
ASxxxx Assembler V01.75  (GameBoy Z80-like CPU), page 1.

Symbol Table

    _LooneyTunes                       **** GX
  0 ___main_end                        00D7 R
  0 ___main_start                      002C R
  0 ___pause_end                       0014 R
  0 ___pause_start                     0000 R
  0 _backgroundpalette                 0024 GR
  0 _main                              002C GR
    _move_sprite                       **** GX
  0 _pause                             0000 GR
    _set_bkg_palette                   **** GX
    _set_sprite_data                   **** GX
    _set_sprite_palette                **** GX
    _set_sprite_prop                   **** GX
    _set_sprite_tile                   **** GX
  0 _spritepalette                     0014 GR
    _wait_vbl_done                     **** GX

ASxxxx Assembler V01.75  (GameBoy Z80-like CPU), page 2.

Area Table

   0 _CODE                              size   D7   flags 0
   1 _DATA                              size    0   flags 0
   2 _OVERLAY                           size    0   flags 0
   3 _ISEG                              size    0   flags 0
   4 _BSEG                              size    0   flags 0
   5 _XSEG                              size    0   flags 0
   6 _GSINIT                            size    0   flags 0
   7 _GSFINAL                           size    0   flags 0
   8 _HOME                              size    0   flags 0
